<?xml version="1.0" encoding="UTF-8"?>
<!-- Generated by org.testng.reporters.JUnitReportReporter -->
<testsuite hostname="LAPTOP-0KH9H061" failures="0" tests="3" name="automationTest.tests.SubmitOrderTest" time="171.706" errors="0" timestamp="2024-04-15T22:28:41 IST" skipped="1">
  <testcase classname="automationTest.tests.SubmitOrderTest" name="submitOrder" time="87.597"/>
  <testcase classname="automationTest.tests.SubmitOrderTest" name="submitOrder" time="84.109"/>
  <testcase classname="automationTest.tests.SubmitOrderTest" name="displayOrder">
    <skipped/>
  </testcase> <!-- displayOrder -->
</testsuite> <!-- automationTest.tests.SubmitOrderTest -->
