<?xml version="1.0" encoding="UTF-8"?>
<!-- Generated by org.testng.reporters.JUnitReportReporter -->
<testsuite hostname="LAPTOP-0KH9H061" failures="0" tests="3" name="automationTest.tests.SubmitOrderTestviaJson" time="147.673" errors="0" timestamp="2024-04-16T02:25:34 IST" skipped="1">
  <testcase classname="automationTest.tests.SubmitOrderTestviaJson" name="submitOrder" time="73.064"/>
  <testcase classname="automationTest.tests.SubmitOrderTestviaJson" name="submitOrder" time="74.609"/>
  <testcase classname="automationTest.tests.SubmitOrderTestviaJson" name="displayOrder">
    <skipped/>
  </testcase> <!-- displayOrder -->
</testsuite> <!-- automationTest.tests.SubmitOrderTestviaJson -->
