<?xml version="1.0" encoding="UTF-8"?>
<!-- Generated by org.testng.reporters.JUnitReportReporter -->
<testsuite hostname="LAPTOP-0KH9H061" failures="0" tests="3" name="automationTest.tests.SubmitOrderTest" time="196.756" errors="0" timestamp="2024-04-16T04:43:39 IST" skipped="1">
  <testcase classname="automationTest.tests.SubmitOrderTest" name="submitOrder" time="97.646"/>
  <testcase classname="automationTest.tests.SubmitOrderTest" name="submitOrder" time="99.110"/>
  <testcase classname="automationTest.tests.SubmitOrderTest" name="displayOrder">
    <skipped/>
  </testcase> <!-- displayOrder -->
</testsuite> <!-- automationTest.tests.SubmitOrderTest -->
